2025-02-28 11:02:31,323 - INFO - Starting main comparison process.
2025-02-28 11:02:31,324 - INFO - Loading sheets from the provided Excel files.
2025-02-28 11:02:32,476 - INFO - Sheets loaded successfully.
2025-02-28 11:02:32,491 - INFO - Total amount for client UBER WAV TRANSIT: 183165.04
2025-02-28 11:02:32,491 - INFO - Total calculated mamount:183165.04
2025-02-28 11:02:32,504 - INFO - Total amount for client UBER WAV TRANSIT: 168195.59879999998
2025-02-28 11:02:32,504 - INFO - Total calculated mamount:168195.59879999998
2025-02-28 11:02:32,504 - INFO - Comparing Totals between previous and latest values.
2025-02-28 11:02:32,544 - INFO - Totals comparison completed.
2025-02-28 11:02:32,544 - INFO - Comparing Hourly Total Revs between previous and latest sheets.
2025-02-28 11:02:32,550 - INFO - HTOTALREV comparison completed.
2025-02-28 11:02:32,550 - INFO - Comparing Lift Lease between previous and latest sheets.
2025-02-28 11:02:32,557 - INFO - Lift Lease comparison completed.
2025-02-28 11:02:32,557 - INFO - Comparing Lift Lease between previous and latest sheets.
2025-02-28 11:02:32,564 - INFO - Violation comparison completed.
2025-02-28 11:02:32,575 - INFO - Comparing Acceptance Rate for Week1.
2025-02-28 11:02:32,581 - INFO - Week1 Acceptance Rate comparison completed.
2025-02-28 11:02:32,583 - INFO - Comparing Cancellation Rate for Week1.
2025-02-28 11:02:32,590 - INFO - Week1 Cancellation Rate comparison completed.
2025-02-28 11:02:32,593 - INFO - Comparing Utilization% for Week1.
2025-02-28 11:02:32,601 - INFO - Week1 Utilization% comparison completed.
2025-02-28 11:02:32,603 - INFO - Comparing Payable Online Hours for Week1.
2025-02-28 11:02:32,609 - INFO - Week1 Payable Online Hours comparison completed.
2025-02-28 11:02:32,611 - INFO - Comparing Required Hours for Week1.
2025-02-28 11:02:32,615 - INFO - Week1 Required Hours comparison completed.
2025-02-28 11:02:32,618 - INFO - Comparing Acceptance Rate for Week2.
2025-02-28 11:02:32,624 - INFO - Week2 Acceptance Rate comparison completed.
2025-02-28 11:02:32,627 - INFO - Comparing Cancellation Rate for Week2.
2025-02-28 11:02:32,633 - INFO - Week2 Cancellation Rate comparison completed.
2025-02-28 11:02:32,637 - INFO - Comparing Utilization% for Week2.
2025-02-28 11:02:32,643 - INFO - Week2 Utilization% comparison completed.
2025-02-28 11:02:32,645 - INFO - Comparing Payable Online Hours for Week2.
2025-02-28 11:02:32,649 - INFO - Week2 Payable Online Hours comparison completed.
2025-02-28 11:02:32,652 - INFO - Comparing Required Hours for Week2.
2025-02-28 11:02:32,657 - INFO - Week2 Required Hours comparison completed.
2025-02-28 11:02:32,925 - INFO - Applying formatting to sheet: TotalInvoicePayment.
2025-02-28 11:02:32,926 - INFO - Formatting applied successfully to sheet: TotalInvoicePayment.
2025-02-28 11:02:32,927 - INFO - Applying formatting to sheet: HTotalRevComparison.
2025-02-28 11:02:32,937 - INFO - Formatting applied successfully to sheet: HTotalRevComparison.
2025-02-28 11:02:32,937 - INFO - Applying formatting to sheet: LiftLeaseComparison.
2025-02-28 11:02:32,948 - INFO - Formatting applied successfully to sheet: LiftLeaseComparison.
2025-02-28 11:02:32,948 - INFO - Applying formatting to sheet: ViolationComparison.
2025-02-28 11:02:32,956 - INFO - Formatting applied successfully to sheet: ViolationComparison.
2025-02-28 11:02:32,956 - INFO - Applying formatting to sheet: Week1AcceptRateComp.
2025-02-28 11:02:32,967 - INFO - Formatting applied successfully to sheet: Week1AcceptRateComp.
2025-02-28 11:02:32,967 - INFO - Applying formatting to sheet: Week1CancelRateComp.
2025-02-28 11:02:32,979 - INFO - Formatting applied successfully to sheet: Week1CancelRateComp.
2025-02-28 11:02:32,979 - INFO - Applying formatting to sheet: Week1UtilizationComp.
2025-02-28 11:02:32,991 - INFO - Formatting applied successfully to sheet: Week1UtilizationComp.
2025-02-28 11:02:32,991 - INFO - Applying formatting to sheet: Week1POnlineHrsComp.
2025-02-28 11:02:33,000 - INFO - Formatting applied successfully to sheet: Week1POnlineHrsComp.
2025-02-28 11:02:33,000 - INFO - Applying formatting to sheet: Week1ReqHrsComp.
2025-02-28 11:02:33,010 - INFO - Formatting applied successfully to sheet: Week1ReqHrsComp.
2025-02-28 11:02:33,010 - INFO - Applying formatting to sheet: Week2AcceptRateComp.
2025-02-28 11:02:33,022 - INFO - Formatting applied successfully to sheet: Week2AcceptRateComp.
2025-02-28 11:02:33,022 - INFO - Applying formatting to sheet: Week2CancelRateComp.
2025-02-28 11:02:33,032 - INFO - Formatting applied successfully to sheet: Week2CancelRateComp.
2025-02-28 11:02:33,032 - INFO - Applying formatting to sheet: Week2UtilizationComp.
2025-02-28 11:02:33,043 - INFO - Formatting applied successfully to sheet: Week2UtilizationComp.
2025-02-28 11:02:33,043 - INFO - Applying formatting to sheet: Week2POnlineHrsComp.
2025-02-28 11:02:33,053 - INFO - Formatting applied successfully to sheet: Week2POnlineHrsComp.
2025-02-28 11:02:33,053 - INFO - Applying formatting to sheet: Week2ReqHrsComp.
2025-02-28 11:02:33,061 - INFO - Formatting applied successfully to sheet: Week2ReqHrsComp.
2025-02-28 11:02:33,282 - INFO - Main comparison process completed successfully. File saved to ComparedResults\DIV12_Tables.xlsx.
2025-02-28 11:02:33,282 - INFO - VDP_DIV12_1216_1229_2024 FINAL.xlsm + VDP_DIV12_1230_0112_FINAL.xlsm
2025-02-28 11:02:36,331 - INFO - Successfully updated color for TextBox 90 with status 'Decreased'.
2025-02-28 11:02:36,348 - INFO - Successfully updated color for txtHTotalRevDiff with value '-14,483.45'.
2025-02-28 11:02:36,365 - INFO - Successfully updated color for txtLLeaseDiff with value '2,177.00'.
2025-02-28 11:02:36,380 - INFO - Successfully updated color for txtViolationsDiff with value '-2,250.00'.
2025-02-28 11:02:37,460 - INFO - ComparedResults/Dashboard.xlsm has been successfully updated and saved.
2025-02-28 11:02:40,906 - INFO - Deleted existing picture: ViolationsTable in Dashboard
2025-02-28 11:02:40,910 - INFO - Deleted existing picture: HoursTable in Dashboard
2025-02-28 11:02:40,957 - INFO - Deleted existing picture: LeaseTable in Dashboard
2025-02-28 11:02:44,400 - INFO - Copied picture from ViolationComparison, width: 10.19 cm, height: 11.64 cm
2025-02-28 11:02:45,669 - INFO - Table Name: ViolationsTable
2025-02-28 11:02:46,671 - INFO - 'ViolationsTable' successfully pasted in the ViolationComparison Sheet.
2025-02-28 11:02:46,748 - INFO - Resized ViolationsContainer to width: 10.22 cm, height: 13.62 cm
2025-02-28 11:02:47,766 - INFO - Copied picture from HTotalRevComparison, width: 11.11 cm, height: 11.64 cm
2025-02-28 11:02:48,860 - INFO - Table Name: HoursTable
2025-02-28 11:02:49,861 - INFO - 'HoursTable' successfully pasted in the HTotalRevComparison Sheet.
2025-02-28 11:02:49,888 - INFO - Resized HoursContainer to width: 11.15 cm, height: 13.62 cm
2025-02-28 11:02:50,914 - INFO - Copied picture from LiftLeaseComparison, width: 10.19 cm, height: 11.64 cm
2025-02-28 11:02:51,998 - INFO - Table Name: LeaseTable
2025-02-28 11:02:52,999 - INFO - 'LeaseTable' successfully pasted in the LiftLeaseComparison Sheet.
2025-02-28 11:02:53,045 - INFO - Resized LeaseContainer to width: 10.22 cm, height: 13.62 cm
2025-02-28 11:02:54,330 - INFO - Data pasted as pictures successfully.
2025-02-28 11:02:56,963 - INFO - Week VDP_DIV12_1216_1229_2024 FINAL.xlsm + VDP_DIV12_1230_0112_FINAL.xlsm
2025-02-28 11:02:58,685 - INFO - Processing ComparedResults/DIV12_Tables.xlsx -> Week1
2025-02-28 11:02:58,720 - INFO - Processing ComparedResults/DIV12_Tables.xlsx -> Week1
2025-02-28 11:02:58,728 - INFO - Accept Hrs: 91.32 -> 92.82
2025-02-28 11:02:59,096 - INFO - Successfully updated color for txtAcceptDiff with value '1.50'.
2025-02-28 11:02:59,109 - INFO - Successfully updated color for txtCancelDiff with value '-0.07'.
2025-02-28 11:02:59,126 - INFO - Successfully updated color for txtUtilizationDiff with value '-6.85'.
2025-02-28 11:02:59,140 - INFO - Successfully updated color for txtPOnlineHrsDiff with value '0.86'.
2025-02-28 11:02:59,154 - INFO - Successfully updated color for txtReqHrsDiff with value '2.23'.
2025-02-28 11:02:59,155 - INFO - Processing ComparedResults/DIV12_Tables.xlsx -> Week2
2025-02-28 11:02:59,197 - INFO - Processing ComparedResults/DIV12_Tables.xlsx -> Week2
2025-02-28 11:02:59,199 - INFO - Accept Hrs: 96.65 -> 95.18
2025-02-28 11:02:59,438 - INFO - Successfully updated color for txtAcceptDiff with value '-1.47'.
2025-02-28 11:02:59,451 - INFO - Successfully updated color for txtCancelDiff with value '0.36'.
2025-02-28 11:02:59,463 - INFO - Successfully updated color for txtUtilizationDiff with value '1.07'.
2025-02-28 11:02:59,476 - INFO - Successfully updated color for txtPOnlineHrsDiff with value '-217.76'.
2025-02-28 11:02:59,489 - INFO - Successfully updated color for txtReqHrsDiff with value '-8.07'.
2025-02-28 11:03:02,296 - INFO - ComparedResults/Dashboard.xlsm has been successfully updated and saved.
2025-02-28 11:03:05,775 - INFO - Deleted existing picture: AcceptTable in Week1
2025-02-28 11:03:05,779 - INFO - Deleted existing picture: CancelTable in Week1
2025-02-28 11:03:05,830 - INFO - Deleted existing picture: UtilizationTable in Week1
2025-02-28 11:03:05,853 - INFO - Deleted existing picture: OnlineTable in Week1
2025-02-28 11:03:05,880 - INFO - Deleted existing picture: ReqTable in Week1
2025-02-28 11:03:05,904 - INFO - Deleted existing picture: AcceptTable in Week2
2025-02-28 11:03:05,923 - INFO - Deleted existing picture: CancelTable in Week2
2025-02-28 11:03:05,935 - INFO - Deleted existing picture: UtilizationTable in Week2
2025-02-28 11:03:05,945 - INFO - Deleted existing picture: OnlineTable in Week2
2025-02-28 11:03:05,957 - INFO - Deleted existing picture: ReqTable in Week2
2025-02-28 11:03:09,397 - INFO - Copied picture from Week1AcceptRateComp, width: 10.19 cm, height: 11.64 cm
2025-02-28 11:03:10,539 - INFO - Table Name: AcceptTable
2025-02-28 11:03:11,540 - INFO - 'AcceptTable' successfully pasted in the Week1AcceptRateComp Sheet.
2025-02-28 11:03:11,566 - INFO - Resized AcceptContainer to width: 10.22 cm, height: 13.62 cm
2025-02-28 11:03:12,594 - INFO - Copied picture from Week1CancelRateComp, width: 10.19 cm, height: 11.64 cm
2025-02-28 11:03:13,732 - INFO - Table Name: CancelTable
2025-02-28 11:03:14,733 - INFO - 'CancelTable' successfully pasted in the Week1CancelRateComp Sheet.
2025-02-28 11:03:14,760 - INFO - Resized CancelContainer to width: 10.22 cm, height: 13.62 cm
2025-02-28 11:03:15,784 - INFO - Copied picture from Week1UtilizationComp, width: 10.19 cm, height: 11.64 cm
2025-02-28 11:03:16,910 - INFO - Table Name: UtilizationTable
2025-02-28 11:03:17,912 - INFO - 'UtilizationTable' successfully pasted in the Week1UtilizationComp Sheet.
2025-02-28 11:03:17,937 - INFO - Resized UtilizationContainer to width: 10.22 cm, height: 13.62 cm
2025-02-28 11:03:18,963 - INFO - Copied picture from Week1POnlineHrsComp, width: 10.19 cm, height: 11.64 cm
2025-02-28 11:03:20,102 - INFO - Table Name: OnlineTable
2025-02-28 11:03:21,111 - INFO - 'OnlineTable' successfully pasted in the Week1POnlineHrsComp Sheet.
2025-02-28 11:03:21,148 - INFO - Resized OnlineContainer to width: 10.22 cm, height: 13.62 cm
2025-02-28 11:03:22,167 - INFO - Copied picture from Week1ReqHrsComp, width: 10.19 cm, height: 11.64 cm
2025-02-28 11:03:23,289 - INFO - Table Name: ReqTable
2025-02-28 11:03:24,291 - INFO - 'ReqTable' successfully pasted in the Week1ReqHrsComp Sheet.
2025-02-28 11:03:24,316 - INFO - Resized ReqContainer to width: 10.22 cm, height: 13.62 cm
2025-02-28 11:03:25,457 - INFO - Copied picture from Week2AcceptRateComp, width: 10.19 cm, height: 11.64 cm
2025-02-28 11:03:26,620 - INFO - Table Name: AcceptTable
2025-02-28 11:03:27,621 - INFO - 'AcceptTable' successfully pasted in the Week2AcceptRateComp Sheet.
2025-02-28 11:03:27,645 - INFO - Resized AcceptContainer to width: 10.22 cm, height: 13.62 cm
2025-02-28 11:03:28,672 - INFO - Copied picture from Week2CancelRateComp, width: 10.19 cm, height: 11.64 cm
2025-02-28 11:03:29,820 - INFO - Table Name: CancelTable
2025-02-28 11:03:30,821 - INFO - 'CancelTable' successfully pasted in the Week2CancelRateComp Sheet.
2025-02-28 11:03:30,847 - INFO - Resized CancelContainer to width: 10.22 cm, height: 13.62 cm
2025-02-28 11:03:31,875 - INFO - Copied picture from Week2UtilizationComp, width: 10.19 cm, height: 11.64 cm
2025-02-28 11:03:32,997 - INFO - Table Name: UtilizationTable
2025-02-28 11:03:33,998 - INFO - 'UtilizationTable' successfully pasted in the Week2UtilizationComp Sheet.
2025-02-28 11:03:34,092 - INFO - Resized UtilizationContainer to width: 10.22 cm, height: 13.62 cm
2025-02-28 11:03:35,343 - INFO - Copied picture from Week2POnlineHrsComp, width: 10.19 cm, height: 11.64 cm
2025-02-28 11:03:36,495 - INFO - Table Name: OnlineTable
2025-02-28 11:03:37,496 - INFO - 'OnlineTable' successfully pasted in the Week2POnlineHrsComp Sheet.
2025-02-28 11:03:37,530 - INFO - Resized OnlineContainer to width: 10.22 cm, height: 13.62 cm
2025-02-28 11:03:38,556 - INFO - Copied picture from Week2ReqHrsComp, width: 10.19 cm, height: 11.64 cm
2025-02-28 11:03:39,647 - INFO - Table Name: ReqTable
2025-02-28 11:03:40,649 - INFO - 'ReqTable' successfully pasted in the Week2ReqHrsComp Sheet.
2025-02-28 11:03:40,672 - INFO - Resized ReqContainer to width: 10.22 cm, height: 13.62 cm
2025-02-28 11:03:41,711 - INFO - Data pasted as pictures successfully.
